{"C:\\Users\\Muhammed\\Desktop\\IndieCart-Marketplace\\Backend\\babel.config.js": {"path":"C:\\Users\\Muhammed\\Desktop\\IndieCart-Marketplace\\Backend\\babel.config.js","statementMap":{"0":{"start":{"line":1,"column":0},"end":{"line":5,"column":2}}},"fnMap":{},"branchMap":{},"s":{"0":0},"f":{},"b":{}}
,"C:\\Users\\Muhammed\\Desktop\\IndieCart-Marketplace\\Backend\\server.js": {"path":"C:\\Users\\Muhammed\\Desktop\\IndieCart-Marketplace\\Backend\\server.js","statementMap":{"0":{"start":{"line":1,"column":16},"end":{"line":1,"column":34}},"1":{"start":{"line":2,"column":12},"end":{"line":2,"column":21}},"2":{"start":{"line":3,"column":12},"end":{"line":3,"column":28}},"3":{"start":{"line":4,"column":13},"end":{"line":4,"column":28}},"4":{"start":{"line":5,"column":15},"end":{"line":5,"column":32}},"5":{"start":{"line":6,"column":13},"end":{"line":6,"column":37}},"6":{"start":{"line":9,"column":15},"end":{"line":9,"column":58}},"7":{"start":{"line":12,"column":0},"end":{"line":12,"column":24}},"8":{"start":{"line":13,"column":0},"end":{"line":13,"column":48}},"9":{"start":{"line":15,"column":17},"end":{"line":24,"column":3}},"10":{"start":{"line":27,"column":4},"end":{"line":35,"column":5}},"11":{"start":{"line":28,"column":19},"end":{"line":28,"column":46}},"12":{"start":{"line":29,"column":21},"end":{"line":29,"column":69}},"13":{"start":{"line":30,"column":6},"end":{"line":30,"column":63}},"14":{"start":{"line":31,"column":6},"end":{"line":31,"column":18}},"15":{"start":{"line":33,"column":6},"end":{"line":33,"column":60}},"16":{"start":{"line":34,"column":6},"end":{"line":34,"column":18}},"17":{"start":{"line":37,"column":2},"end":{"line":37,"column":21}},"18":{"start":{"line":40,"column":0},"end":{"line":65,"column":3}},"19":{"start":{"line":41,"column":4},"end":{"line":64,"column":5}},"20":{"start":{"line":42,"column":29},"end":{"line":42,"column":37}},"21":{"start":{"line":44,"column":8},"end":{"line":46,"column":9}},"22":{"start":{"line":45,"column":12},"end":{"line":45,"column":75}},"23":{"start":{"line":48,"column":21},"end":{"line":48,"column":48}},"24":{"start":{"line":49,"column":23},"end":{"line":56,"column":14}},"25":{"start":{"line":58,"column":8},"end":{"line":58,"column":70}},"26":{"start":{"line":60,"column":8},"end":{"line":60,"column":50}},"27":{"start":{"line":61,"column":8},"end":{"line":61,"column":63}},"28":{"start":{"line":63,"column":8},"end":{"line":63,"column":20}},"29":{"start":{"line":68,"column":0},"end":{"line":123,"column":3}},"30":{"start":{"line":69,"column":4},"end":{"line":122,"column":5}},"31":{"start":{"line":70,"column":8},"end":{"line":70,"column":68}},"32":{"start":{"line":71,"column":8},"end":{"line":71,"column":45}},"33":{"start":{"line":73,"column":64},"end":{"line":73,"column":72}},"34":{"start":{"line":75,"column":8},"end":{"line":80,"column":9}},"35":{"start":{"line":76,"column":12},"end":{"line":79,"column":15}},"36":{"start":{"line":82,"column":21},"end":{"line":82,"column":48}},"37":{"start":{"line":85,"column":28},"end":{"line":87,"column":71}},"38":{"start":{"line":89,"column":8},"end":{"line":94,"column":9}},"39":{"start":{"line":90,"column":12},"end":{"line":93,"column":15}},"40":{"start":{"line":96,"column":23},"end":{"line":107,"column":14}},"41":{"start":{"line":109,"column":8},"end":{"line":109,"column":72}},"42":{"start":{"line":110,"column":8},"end":{"line":113,"column":11}},"43":{"start":{"line":115,"column":8},"end":{"line":115,"column":52}},"44":{"start":{"line":116,"column":8},"end":{"line":119,"column":11}},"45":{"start":{"line":121,"column":8},"end":{"line":121,"column":20}},"46":{"start":{"line":126,"column":0},"end":{"line":156,"column":3}},"47":{"start":{"line":127,"column":4},"end":{"line":155,"column":5}},"48":{"start":{"line":128,"column":21},"end":{"line":128,"column":48}},"49":{"start":{"line":129,"column":23},"end":{"line":135,"column":14}},"50":{"start":{"line":138,"column":35},"end":{"line":146,"column":10}},"51":{"start":{"line":139,"column":12},"end":{"line":144,"column":13}},"52":{"start":{"line":141,"column":36},"end":{"line":141,"column":81}},"53":{"start":{"line":143,"column":16},"end":{"line":143,"column":72}},"54":{"start":{"line":145,"column":12},"end":{"line":145,"column":27}},"55":{"start":{"line":148,"column":8},"end":{"line":148,"column":63}},"56":{"start":{"line":149,"column":8},"end":{"line":149,"column":37}},"57":{"start":{"line":151,"column":8},"end":{"line":151,"column":55}},"58":{"start":{"line":152,"column":8},"end":{"line":152,"column":68}},"59":{"start":{"line":154,"column":8},"end":{"line":154,"column":20}},"60":{"start":{"line":159,"column":0},"end":{"line":188,"column":3}},"61":{"start":{"line":160,"column":4},"end":{"line":187,"column":5}},"62":{"start":{"line":161,"column":30},"end":{"line":161,"column":40}},"63":{"start":{"line":162,"column":21},"end":{"line":162,"column":48}},"64":{"start":{"line":163,"column":23},"end":{"line":170,"column":14}},"65":{"start":{"line":172,"column":8},"end":{"line":174,"column":9}},"66":{"start":{"line":173,"column":12},"end":{"line":173,"column":72}},"67":{"start":{"line":176,"column":24},"end":{"line":176,"column":43}},"68":{"start":{"line":177,"column":8},"end":{"line":179,"column":9}},"69":{"start":{"line":178,"column":12},"end":{"line":178,"column":102}},"70":{"start":{"line":181,"column":8},"end":{"line":181,"column":26}},"71":{"start":{"line":183,"column":8},"end":{"line":183,"column":54}},"72":{"start":{"line":184,"column":8},"end":{"line":184,"column":67}},"73":{"start":{"line":186,"column":8},"end":{"line":186,"column":20}},"74":{"start":{"line":191,"column":0},"end":{"line":196,"column":2}},"75":{"start":{"line":192,"column":4},"end":{"line":195,"column":6}},"76":{"start":{"line":198,"column":0},"end":{"line":198,"column":66}},"77":{"start":{"line":200,"column":0},"end":{"line":202,"column":3}},"78":{"start":{"line":201,"column":4},"end":{"line":201,"column":69}},"79":{"start":{"line":204,"column":0},"end":{"line":206,"column":3}},"80":{"start":{"line":205,"column":4},"end":{"line":205,"column":57}}},"fnMap":{"0":{"name":"testDbConnection","decl":{"start":{"line":26,"column":17},"end":{"line":26,"column":33}},"loc":{"start":{"line":26,"column":36},"end":{"line":36,"column":3}},"line":26},"1":{"name":"(anonymous_1)","decl":{"start":{"line":40,"column":24},"end":{"line":40,"column":25}},"loc":{"start":{"line":40,"column":44},"end":{"line":65,"column":1}},"line":40},"2":{"name":"(anonymous_2)","decl":{"start":{"line":68,"column":50},"end":{"line":68,"column":51}},"loc":{"start":{"line":68,"column":70},"end":{"line":123,"column":1}},"line":68},"3":{"name":"(anonymous_3)","decl":{"start":{"line":126,"column":25},"end":{"line":126,"column":26}},"loc":{"start":{"line":126,"column":45},"end":{"line":156,"column":1}},"line":126},"4":{"name":"(anonymous_4)","decl":{"start":{"line":138,"column":56},"end":{"line":138,"column":57}},"loc":{"start":{"line":138,"column":67},"end":{"line":146,"column":9}},"line":138},"5":{"name":"(anonymous_5)","decl":{"start":{"line":159,"column":36},"end":{"line":159,"column":37}},"loc":{"start":{"line":159,"column":56},"end":{"line":188,"column":1}},"line":159},"6":{"name":"(anonymous_6)","decl":{"start":{"line":191,"column":19},"end":{"line":191,"column":20}},"loc":{"start":{"line":191,"column":33},"end":{"line":196,"column":1}},"line":191},"7":{"name":"(anonymous_7)","decl":{"start":{"line":200,"column":19},"end":{"line":200,"column":20}},"loc":{"start":{"line":200,"column":33},"end":{"line":202,"column":1}},"line":200},"8":{"name":"(anonymous_8)","decl":{"start":{"line":204,"column":17},"end":{"line":204,"column":18}},"loc":{"start":{"line":204,"column":23},"end":{"line":206,"column":1}},"line":204}},"branchMap":{"0":{"loc":{"start":{"line":6,"column":13},"end":{"line":6,"column":37}},"type":"binary-expr","locations":[{"start":{"line":6,"column":13},"end":{"line":6,"column":29}},{"start":{"line":6,"column":33},"end":{"line":6,"column":37}}],"line":6},"1":{"loc":{"start":{"line":44,"column":8},"end":{"line":46,"column":9}},"type":"if","locations":[{"start":{"line":44,"column":8},"end":{"line":46,"column":9}},{"start":{},"end":{}}],"line":44},"2":{"loc":{"start":{"line":75,"column":8},"end":{"line":80,"column":9}},"type":"if","locations":[{"start":{"line":75,"column":8},"end":{"line":80,"column":9}},{"start":{},"end":{}}],"line":75},"3":{"loc":{"start":{"line":75,"column":12},"end":{"line":75,"column":68}},"type":"binary-expr","locations":[{"start":{"line":75,"column":12},"end":{"line":75,"column":22}},{"start":{"line":75,"column":26},"end":{"line":75,"column":32}},{"start":{"line":75,"column":36},"end":{"line":75,"column":48}},{"start":{"line":75,"column":52},"end":{"line":75,"column":58}},{"start":{"line":75,"column":62},"end":{"line":75,"column":68}}],"line":75},"4":{"loc":{"start":{"line":89,"column":8},"end":{"line":94,"column":9}},"type":"if","locations":[{"start":{"line":89,"column":8},"end":{"line":94,"column":9}},{"start":{},"end":{}}],"line":89},"5":{"loc":{"start":{"line":102,"column":52},"end":{"line":102,"column":85}},"type":"cond-expr","locations":[{"start":{"line":102,"column":63},"end":{"line":102,"column":78}},{"start":{"line":102,"column":81},"end":{"line":102,"column":85}}],"line":102},"6":{"loc":{"start":{"line":139,"column":12},"end":{"line":144,"column":13}},"type":"if","locations":[{"start":{"line":139,"column":12},"end":{"line":144,"column":13}},{"start":{},"end":{}}],"line":139},"7":{"loc":{"start":{"line":172,"column":8},"end":{"line":174,"column":9}},"type":"if","locations":[{"start":{"line":172,"column":8},"end":{"line":174,"column":9}},{"start":{},"end":{}}],"line":172},"8":{"loc":{"start":{"line":177,"column":8},"end":{"line":179,"column":9}},"type":"if","locations":[{"start":{"line":177,"column":8},"end":{"line":179,"column":9}},{"start":{},"end":{}}],"line":177}},"s":{"0":0,"1":0,"2":0,"3":0,"4":0,"5":0,"6":0,"7":0,"8":0,"9":0,"10":0,"11":0,"12":0,"13":0,"14":0,"15":0,"16":0,"17":0,"18":0,"19":0,"20":0,"21":0,"22":0,"23":0,"24":0,"25":0,"26":0,"27":0,"28":0,"29":0,"30":0,"31":0,"32":0,"33":0,"34":0,"35":0,"36":0,"37":0,"38":0,"39":0,"40":0,"41":0,"42":0,"43":0,"44":0,"45":0,"46":0,"47":0,"48":0,"49":0,"50":0,"51":0,"52":0,"53":0,"54":0,"55":0,"56":0,"57":0,"58":0,"59":0,"60":0,"61":0,"62":0,"63":0,"64":0,"65":0,"66":0,"67":0,"68":0,"69":0,"70":0,"71":0,"72":0,"73":0,"74":0,"75":0,"76":0,"77":0,"78":0,"79":0,"80":0},"f":{"0":0,"1":0,"2":0,"3":0,"4":0,"5":0,"6":0,"7":0,"8":0},"b":{"0":[0,0],"1":[0,0],"2":[0,0],"3":[0,0,0,0,0],"4":[0,0],"5":[0,0],"6":[0,0],"7":[0,0],"8":[0,0]}}
}
