TN:
SF:server.js
FN:30,testDbConnection
FN:47,(anonymous_1)
FN:70,(anonymous_2)
FN:123,(anonymous_3)
FN:134,(anonymous_4)
FN:152,(anonymous_5)
FN:182,(anonymous_6)
FN:200,(anonymous_7)
FN:217,(anonymous_8)
FN:252,(anonymous_9)
FN:279,(anonymous_10)
FN:299,(anonymous_11)
FN:308,(anonymous_12)
FN:314,(anonymous_13)
FNF:14
FNH:6
FNDA:0,testDbConnection
FNDA:3,(anonymous_1)
FNDA:3,(anonymous_2)
FNDA:2,(anonymous_3)
FNDA:2,(anonymous_4)
FNDA:3,(anonymous_5)
FNDA:0,(anonymous_6)
FNDA:0,(anonymous_7)
FNDA:0,(anonymous_8)
FNDA:0,(anonymous_9)
FNDA:0,(anonymous_10)
FNDA:1,(anonymous_11)
FNDA:0,(anonymous_12)
FNDA:0,(anonymous_13)
DA:1,3
DA:2,3
DA:3,3
DA:4,3
DA:5,3
DA:6,3
DA:9,3
DA:12,3
DA:13,3
DA:15,3
DA:31,0
DA:32,0
DA:33,0
DA:34,0
DA:35,0
DA:37,0
DA:42,3
DA:43,0
DA:47,3
DA:48,3
DA:49,3
DA:51,3
DA:52,1
DA:55,2
DA:56,1
DA:60,1
DA:62,1
DA:64,1
DA:65,1
DA:70,3
DA:71,3
DA:72,3
DA:73,3
DA:75,3
DA:77,3
DA:78,1
DA:84,2
DA:87,2
DA:92,2
DA:93,1
DA:94,1
DA:100,1
DA:107,1
DA:108,1
DA:109,1
DA:114,0
DA:115,0
DA:123,3
DA:124,2
DA:125,2
DA:126,1
DA:134,1
DA:135,2
DA:136,0
DA:137,0
DA:139,2
DA:142,1
DA:143,1
DA:144,1
DA:146,1
DA:147,1
DA:152,3
DA:153,3
DA:154,3
DA:155,3
DA:156,2
DA:163,2
DA:164,1
DA:165,1
DA:168,1
DA:169,1
DA:170,0
DA:173,1
DA:174,1
DA:176,1
DA:177,1
DA:182,3
DA:183,0
DA:184,0
DA:185,0
DA:186,0
DA:194,0
DA:195,0
DA:196,0
DA:200,0
DA:201,0
DA:202,0
DA:203,0
DA:205,0
DA:208,0
DA:209,0
DA:211,0
DA:212,0
DA:217,3
DA:218,0
DA:219,0
DA:221,0
DA:222,0
DA:225,0
DA:228,0
DA:233,0
DA:234,0
DA:235,0
DA:238,0
DA:243,0
DA:244,0
DA:246,0
DA:247,0
DA:252,3
DA:253,0
DA:254,0
DA:255,0
DA:258,0
DA:265,0
DA:266,0
DA:267,0
DA:271,0
DA:279,0
DA:280,0
DA:281,0
DA:283,0
DA:286,0
DA:287,0
DA:293,0
DA:294,0
DA:299,3
DA:300,1
DA:306,3
DA:308,3
DA:309,0
DA:313,3
DA:314,0
DA:315,0
DA:319,3
LF:134
LH:73
BRDA:6,0,0,3
BRDA:6,0,1,3
BRDA:42,1,0,0
BRDA:42,1,1,3
BRDA:51,2,0,1
BRDA:51,2,1,2
BRDA:77,3,0,1
BRDA:77,3,1,2
BRDA:77,4,0,3
BRDA:77,4,1,2
BRDA:77,4,2,2
BRDA:77,4,3,2
BRDA:77,4,4,2
BRDA:92,5,0,1
BRDA:92,5,1,1
BRDA:104,6,0,0
BRDA:104,6,1,1
BRDA:135,7,0,0
BRDA:135,7,1,2
BRDA:163,8,0,1
BRDA:163,8,1,1
BRDA:169,9,0,0
BRDA:169,9,1,1
BRDA:194,10,0,0
BRDA:194,10,1,0
BRDA:201,11,0,0
BRDA:201,11,1,0
BRDA:221,12,0,0
BRDA:221,12,1,0
BRDA:221,13,0,0
BRDA:221,13,1,0
BRDA:233,14,0,0
BRDA:233,14,1,0
BRDA:265,15,0,0
BRDA:265,15,1,0
BRDA:280,16,0,0
BRDA:280,16,1,0
BRDA:313,17,0,0
BRDA:313,17,1,3
BRF:39
BRH:20
end_of_record
