TN:
SF:server.js
FN:26,testDbConnection
FN:44,(anonymous_1)
FN:65,(anonymous_2)
FN:123,(anonymous_3)
FN:135,(anonymous_4)
FN:156,(anonymous_5)
FN:188,(anonymous_6)
FN:207,(anonymous_7)
FN:225,(anonymous_8)
FN:234,(anonymous_9)
FN:240,(anonymous_10)
FNF:11
FNH:6
FNDA:0,testDbConnection
FNDA:3,(anonymous_1)
FNDA:3,(anonymous_2)
FNDA:2,(anonymous_3)
FNDA:2,(anonymous_4)
FNDA:3,(anonymous_5)
FNDA:0,(anonymous_6)
FNDA:0,(anonymous_7)
FNDA:1,(anonymous_8)
FNDA:0,(anonymous_9)
FNDA:0,(anonymous_10)
DA:1,3
DA:2,3
DA:3,3
DA:4,3
DA:5,3
DA:6,3
DA:9,3
DA:12,3
DA:13,3
DA:15,3
DA:27,0
DA:28,0
DA:29,0
DA:30,0
DA:31,0
DA:33,0
DA:34,0
DA:39,3
DA:40,0
DA:44,3
DA:45,3
DA:46,3
DA:48,3
DA:49,1
DA:52,2
DA:53,1
DA:57,1
DA:59,1
DA:60,1
DA:65,3
DA:66,3
DA:67,3
DA:68,3
DA:70,3
DA:72,3
DA:73,1
DA:79,2
DA:82,2
DA:86,2
DA:87,1
DA:93,1
DA:106,1
DA:107,1
DA:112,0
DA:113,0
DA:118,3
DA:123,3
DA:124,2
DA:125,2
DA:126,1
DA:135,1
DA:136,2
DA:138,0
DA:140,0
DA:142,2
DA:145,1
DA:146,1
DA:148,1
DA:149,1
DA:151,2
DA:156,3
DA:157,3
DA:158,3
DA:159,3
DA:160,2
DA:169,2
DA:170,1
DA:173,1
DA:174,1
DA:175,0
DA:178,1
DA:180,1
DA:181,1
DA:183,3
DA:188,3
DA:189,0
DA:190,0
DA:191,0
DA:192,0
DA:202,0
DA:203,0
DA:207,0
DA:208,0
DA:209,0
DA:210,0
DA:212,0
DA:215,0
DA:217,0
DA:218,0
DA:220,0
DA:225,3
DA:226,1
DA:232,3
DA:234,3
DA:235,0
DA:239,3
DA:240,0
DA:241,0
DA:245,3
LF:99
LH:68
BRDA:6,0,0,3
BRDA:6,0,1,3
BRDA:39,1,0,0
BRDA:39,1,1,3
BRDA:48,2,0,1
BRDA:48,2,1,2
BRDA:72,3,0,1
BRDA:72,3,1,2
BRDA:72,4,0,3
BRDA:72,4,1,2
BRDA:72,4,2,2
BRDA:72,4,3,2
BRDA:72,4,4,2
BRDA:86,5,0,1
BRDA:86,5,1,1
BRDA:99,6,0,0
BRDA:99,6,1,1
BRDA:136,7,0,0
BRDA:136,7,1,2
BRDA:169,8,0,1
BRDA:169,8,1,1
BRDA:174,9,0,0
BRDA:174,9,1,1
BRDA:202,10,0,0
BRDA:202,10,1,0
BRDA:208,11,0,0
BRDA:208,11,1,0
BRDA:239,12,0,0
BRDA:239,12,1,3
BRF:29
BRH:20
end_of_record
